2019-01-11 20:24:26.948782: 02019-01-11 20:24:32.155587: 02019-01-11 20:24:34.331214: 02019-01-11 20:24:36.853042: 0
2019-01-11 20:25:18.500164: 0
2019-01-11 20:25:25.426464: 0
2019-01-11 20:25:32.967914: 0
2019-01-11 20:25:35.546358: 0
2019-01-11 20:25:39.265035: 0
2019-01-11 20:25:43.144633: 0
2019-01-11 20:26:01.462129: 0
2019-01-11 20:26:11.910579: 0
2019-01-11 20:26:17.533164: 0
2019-01-11 20:26:22.225685: 0
2019-01-11 20:29:34.167821: 0
2019-01-11 20:29:38.295921: 0
2019-01-11 20:29:40.270899: 0
2019-01-11 20:29:42.520295: 0
2019-01-11 20:29:44.697202: 0
2019-01-11 20:29:46.415257: 0
2019-01-11 20:29:49.133034: 0
2019-01-11 20:29:51.588799: 0
2019-01-11 20:29:55.168830: 0
2019-01-11 20:30:23.808681: 0
2019-01-11 20:31:17.165711: 0
2019-01-11 20:31:40.134423: 0
2019-01-11 20:32:47.031158: 0
2019-01-11 20:32:50.097726: 0
2019-01-11 20:32:52.590208: 0
2019-01-11 20:35:39.683925: 0
2019-01-11 20:38:28.205269: 0
2019-01-11 20:40:54.151241: 1
2019-01-11 20:42:45.535376: 
2019-01-11 20:42:56.261439: 
2019-01-11 20:43:24.053308: 0
2019-01-11 21:21:19.927123: 
2019-01-11 21:44:44.562736: 0
2019-01-11 21:45:45.257307: HTTP Error 404: Not Found
2
2019-01-11 22:01:26.249430: HTTP Error 404: Not Found
2